<?xml version="1.0" encoding="UTF-8"?>
<!-- Generated by org.testng.reporters.JUnitReportReporter -->
<testsuite hostname="IN-4YZC5S3" failures="0" tests="3" name="ProductPageTest" time="122.366" errors="0" timestamp="2024-06-12T17:29:55 IST" skipped="0">
  <testcase classname="ProductPageTest" name="validateProduct" time="40.500"/>
  <testcase classname="ProductPageTest" name="validateRatings" time="39.403"/>
  <testcase classname="ProductPageTest" name="validateSpecification" time="42.463"/>
</testsuite> <!-- ProductPageTest -->
