<?xml version="1.0" encoding="UTF-8"?>
<!-- Generated by org.testng.reporters.JUnitReportReporter -->
<testsuite hostname="IN-4YZC5S3" failures="0" tests="1" name="SearchPageTest" time="40.453" errors="0" timestamp="2024-06-12T18:34:41 IST" skipped="0">
  <testcase classname="SearchPageTest" name="sortLowToHigh" time="40.453"/>
</testsuite> <!-- SearchPageTest -->
