<?xml version="1.0" encoding="UTF-8"?>
<!-- Generated by org.testng.reporters.JUnitReportReporter -->
<testsuite hostname="IN-4YZC5S3" failures="0" tests="1" name="CartPageTest" time="47.590" errors="0" timestamp="2024-06-12T18:37:10 IST" skipped="0">
  <testcase classname="CartPageTest" name="updateCartCount" time="47.590"/>
</testsuite> <!-- CartPageTest -->
