<?xml version="1.0" encoding="UTF-8"?>
<!-- Generated by org.testng.reporters.JUnitReportReporter -->
<testsuite hostname="IN-4YZC5S3" failures="0" tests="3" name="ProductPageTest" time="117.657" errors="0" timestamp="2024-06-12T18:13:44 IST" skipped="0">
  <testcase classname="ProductPageTest" name="validateProduct" time="38.943"/>
  <testcase classname="ProductPageTest" name="validateSpecification" time="38.935"/>
  <testcase classname="ProductPageTest" name="validateRatings" time="39.779"/>
</testsuite> <!-- ProductPageTest -->
