<?xml version="1.0" encoding="UTF-8"?>
<!-- Generated by org.testng.reporters.JUnitReportReporter -->
<testsuite hostname="IN-4YZC5S3" failures="0" tests="6" name="HomePageTest" time="23.761" errors="0" timestamp="2024-06-12T19:31:13 IST" skipped="5">
  <testcase classname="HomePageTest" name="homePageLogo" time="23.761"/>
  <testcase classname="HomePageTest" name="selectCategory">
    <skipped/>
  </testcase> <!-- selectCategory -->
  <testcase classname="HomePageTest" name="giftCardPage">
    <skipped/>
  </testcase> <!-- giftCardPage -->
  <testcase classname="HomePageTest" name="login">
    <skipped/>
  </testcase> <!-- login -->
  <testcase classname="HomePageTest" name="homePageLogoFail">
    <skipped/>
  </testcase> <!-- homePageLogoFail -->
  <testcase classname="HomePageTest" name="checkMore">
    <skipped/>
  </testcase> <!-- checkMore -->
</testsuite> <!-- HomePageTest -->
